2020-04-11 19:05:27 - Starting FlightreservationApplication on DESKTOP-TPTJT95 with PID 13872 (C:\Users\alber\Documents\workspace-spring-tool-suite-4-4.6.0.RELEASE\flightreservation\target\classes started by alber in C:\Users\alber\Documents\workspace-spring-tool-suite-4-4.6.0.RELEASE\flightreservation)
2020-04-11 19:05:27 - No active profile set, falling back to default profiles: default
2020-04-11 19:05:28 - Bootstrapping Spring Data JPA repositories in DEFAULT mode.
2020-04-11 19:05:28 - Finished Spring Data repository scanning in 52ms. Found 4 JPA repository interfaces.
2020-04-11 19:05:28 - Tomcat initialized with port(s): 8080 (http)
2020-04-11 19:05:28 - Initializing ProtocolHandler ["http-nio-8080"]
2020-04-11 19:05:28 - Starting service [Tomcat]
2020-04-11 19:05:28 - Starting Servlet engine: [Apache Tomcat/9.0.33]
2020-04-11 19:05:28 - At least one JAR was scanned for TLDs yet contained no TLDs. Enable debug logging for this logger for a complete list of JARs that were scanned but no TLDs were found in them. Skipping unneeded JARs during scanning can improve startup time and JSP compilation time.
2020-04-11 19:05:28 - Initializing Spring embedded WebApplicationContext
2020-04-11 19:05:28 - Root WebApplicationContext: initialization completed in 1070 ms
2020-04-11 19:05:28 - HHH000204: Processing PersistenceUnitInfo [name: default]
2020-04-11 19:05:28 - HHH000412: Hibernate ORM core version 5.4.12.Final
2020-04-11 19:05:28 - HCANN000001: Hibernate Commons Annotations {5.1.0.Final}
2020-04-11 19:05:29 - HikariPool-1 - Starting...
2020-04-11 19:05:29 - HikariPool-1 - Start completed.
2020-04-11 19:05:29 - HHH000400: Using dialect: org.hibernate.dialect.MySQL8Dialect
2020-04-11 19:05:29 - HHH000490: Using JtaPlatform implementation: [org.hibernate.engine.transaction.jta.platform.internal.NoJtaPlatform]
2020-04-11 19:05:29 - Initialized JPA EntityManagerFactory for persistence unit 'default'
2020-04-11 19:05:30 - spring.jpa.open-in-view is enabled by default. Therefore, database queries may be performed during view rendering. Explicitly configure spring.jpa.open-in-view to disable this warning
2020-04-11 19:05:30 - Initializing ExecutorService 'applicationTaskExecutor'
2020-04-11 19:05:30 - Adding welcome page: ServletContext resource [/index.html]
2020-04-11 19:05:30 - Starting ProtocolHandler ["http-nio-8080"]
2020-04-11 19:05:30 - Tomcat started on port(s): 8080 (http) with context path '/flightreservation'
2020-04-11 19:05:30 - Started FlightreservationApplication in 2.996 seconds (JVM running for 3.776)
2020-04-11 19:05:38 - Application shutdown requested.
2020-04-11 19:05:38 - Shutting down ExecutorService 'applicationTaskExecutor'
2020-04-11 19:05:38 - Closing JPA EntityManagerFactory for persistence unit 'default'
2020-04-11 19:05:38 - HikariPool-1 - Shutdown initiated...
2020-04-11 19:05:38 - HikariPool-1 - Shutdown completed.
